<?xml version="1.0" encoding="UTF-8"?>
<!-- Generated by org.testng.reporters.JUnitXMLReporter -->
<testsuite ignored="0" hostname="craca" failures="2" tests="54" name="Test" time="529.771" errors="0" timestamp="2022-06-17T12:24:12 IST">
  <testcase classname="loginFunctionality.LoginLandingPageCheck" name="studentLandingPage" time="0.177"/>
  <testcase classname="loginFunctionality.LoginLandingPageCheck" name="teacherLandingPage" time="0.188"/>
  <testcase classname="loginFunctionality.UserSignInFunctionality" name="StudentLoginPageCorrectCredentials" time="2.159">
    <failure type="java.lang.AssertionError" message="expected [true] but found [false]">
      <![CDATA[java.lang.AssertionError: expected [true] but found [false]
at loginFunctionality.UserSignInFunctionality.StudentLoginPageCorrectCredentials(UserSignInFunctionality.java:42)
at java.base/java.util.ArrayList.forEach(ArrayList.java:1511)
... Removed 33 stack frames]]>
    </failure>
  </testcase> <!-- StudentLoginPageCorrectCredentials -->
  <testcase classname="loginFunctionality.UserSignInFunctionality" name="StudentLoginPageCorrectCredentials" time="1.681"/>
  <testcase classname="loginFunctionality.UserSignInFunctionality" name="StudentLoginPageCorrectCredentials" time="1.78"/>
  <testcase classname="loginFunctionality.UserSignInFunctionality" name="StudentLoginPageCorrectCredentials" time="1.573"/>
  <testcase classname="loginFunctionality.UserSignInFunctionality" name="StudentLoginPageCorrectCredentials" time="1.664"/>
  <testcase classname="loginFunctionality.UserSignInFunctionality" name="StudentLoginPageIncorrectPassword" time="0.781"/>
  <testcase classname="loginFunctionality.UserSignInFunctionality" name="StudentLoginPageIncorrectPassword" time="2.171"/>
  <testcase classname="loginFunctionality.UserSignInFunctionality" name="StudentLoginPageIncorrectPassword" time="0.5"/>
  <testcase classname="loginFunctionality.UserSignInFunctionality" name="StudentLoginPageIncorrectPassword" time="2.102"/>
  <testcase classname="loginFunctionality.UserSignInFunctionality" name="StudentLoginPageIncorrectPassword" time="2.063"/>
  <testcase classname="loginFunctionality.UserSignInFunctionality" name="IncorrectStudentMobileNoCheck" time="1.332"/>
  <testcase classname="loginFunctionality.UserSignInFunctionality" name="IncorrectStudentMobileNoCheck" time="0.121"/>
  <testcase classname="loginFunctionality.UserSignInFunctionality" name="IncorrectStudentMobileNoCheck" time="1.268"/>
  <testcase classname="loginFunctionality.UserSignInFunctionality" name="IncorrectStudentMobileNoCheck" time="1.273"/>
  <testcase classname="loginFunctionality.UserSignInFunctionality" name="IncorrectStudentMobileNoCheck" time="0.129"/>
  <testcase classname="loginFunctionality.UserSignInFunctionality" name="TeacherLoginPageCorrectCredentials" time="2.469"/>
  <testcase classname="loginFunctionality.UserSignInFunctionality" name="TeacherLoginPageCorrectCredentials" time="2.225"/>
  <testcase classname="loginFunctionality.UserSignInFunctionality" name="TeacherLoginPageCorrectCredentials" time="2.047">
    <failure type="java.lang.AssertionError" message="expected [true] but found [false]">
      <![CDATA[java.lang.AssertionError: expected [true] but found [false]
at loginFunctionality.UserSignInFunctionality.TeacherLoginPageCorrectCredentials(UserSignInFunctionality.java:66)
at java.base/java.util.ArrayList.forEach(ArrayList.java:1511)
... Removed 33 stack frames]]>
    </failure>
  </testcase> <!-- TeacherLoginPageCorrectCredentials -->
  <testcase classname="loginFunctionality.UserSignInFunctionality" name="TeacherLoginPageCorrectCredentials" time="2.217"/>
  <testcase classname="loginFunctionality.UserSignInFunctionality" name="TeacherLoginPageCorrectCredentials" time="2.047"/>
  <testcase classname="loginFunctionality.UserSignInFunctionality" name="TeacherLoginPageIncorrectPassword" time="0.958"/>
  <testcase classname="loginFunctionality.UserSignInFunctionality" name="TeacherLoginPageIncorrectPassword" time="0.904"/>
  <testcase classname="loginFunctionality.UserSignInFunctionality" name="TeacherLoginPageIncorrectPassword" time="2.245"/>
  <testcase classname="loginFunctionality.UserSignInFunctionality" name="TeacherLoginPageIncorrectPassword" time="2.13"/>
  <testcase classname="loginFunctionality.UserSignInFunctionality" name="TeacherLoginPageIncorrectPassword" time="2.101"/>
  <testcase classname="loginFunctionality.UserSignInFunctionality" name="IncorrectTeacherMobileNoCheck" time="1.349"/>
  <testcase classname="loginFunctionality.UserSignInFunctionality" name="IncorrectTeacherMobileNoCheck" time="0.158"/>
  <testcase classname="loginFunctionality.UserSignInFunctionality" name="IncorrectTeacherMobileNoCheck" time="1.264"/>
  <testcase classname="loginFunctionality.UserSignInFunctionality" name="IncorrectTeacherMobileNoCheck" time="1.215"/>
  <testcase classname="loginFunctionality.UserSignInFunctionality" name="IncorrectTeacherMobileNoCheck" time="0.134"/>
  <testcase classname="Library.LibLandingPageCheck" name="studentLanding" time="7.016"/>
  <testcase classname="Library.LibLandingPageCheck" name="teacherLanding" time="8.41"/>
  <testcase classname="Library.GradeCheck" name="CheckStudentBookGrade" time="5.114"/>
  <testcase classname="Library.GradeCheck" name="CheckStudentBookGrade" time="5.198"/>
  <testcase classname="Library.GradeCheck" name="CheckStudentBookGrade" time="5.097"/>
  <testcase classname="Library.GradeCheck" name="CheckStudentBookGrade" time="6.95"/>
  <testcase classname="Library.GradeCheck" name="CheckStudentBookGrade" time="6.388"/>
  <testcase classname="Library.GradeCheck" name="CheckTeacherBookGrade" time="6.512"/>
  <testcase classname="Library.GradeCheck" name="CheckTeacherBookGrade" time="5.364"/>
  <testcase classname="Library.GradeCheck" name="CheckTeacherBookGrade" time="4.997"/>
  <testcase classname="Library.GradeCheck" name="CheckTeacherBookGrade" time="5.09"/>
  <testcase classname="Library.GradeCheck" name="CheckTeacherBookGrade" time="5.649"/>
  <testcase classname="Library.WorkbookNameVerify" name="StudentWorkbookCheck" time="8.976"/>
  <testcase classname="Library.WorkbookNameVerify" name="StudentWorkbookCheck" time="10.794"/>
  <testcase classname="Library.WorkbookNameVerify" name="StudentWorkbookCheck" time="11.888"/>
  <testcase classname="Library.WorkbookNameVerify" name="StudentWorkbookCheck" time="11.484"/>
  <testcase classname="Library.WorkbookNameVerify" name="StudentWorkbookCheck" time="10.712"/>
  <testcase classname="Library.WorkbookNameVerify" name="TeacherWorkbookCheck" time="12.752"/>
  <testcase classname="Library.WorkbookNameVerify" name="TeacherWorkbookCheck" time="12.774"/>
  <testcase classname="Library.WorkbookNameVerify" name="TeacherWorkbookCheck" time="12.655"/>
  <testcase classname="Library.WorkbookNameVerify" name="TeacherWorkbookCheck" time="13.623"/>
  <testcase classname="Library.WorkbookNameVerify" name="TeacherWorkbookCheck" time="12.643"/>
</testsuite> <!-- Test -->
